<?xml version="1.0" encoding="UTF-8"?>
<testsuite xmlns:xsi="http://www.w3.org/2001/XMLSchema-instance" xsi:noNamespaceSchemaLocation="https://maven.apache.org/surefire/maven-surefire-plugin/xsd/surefire-test-report.xsd" name="com.iiht.StockMarket.boundaryTestCases.BoundaryTests" time="0.33" tests="18" errors="0" skipped="0" failures="0">
  <properties>
[...]
</properties>
  <testcase name="testAvgStockPriceLength" classname="com.iiht.StockMarket.boundaryTestCases.BoundaryTests" time="0.015"/>
  <testcase name="testBoardOfDirectorsLength" classname="com.iiht.StockMarket.boundaryTestCases.BoundaryTests" time="0.012"/>
  <testcase name="testPostStockPriceDetailsFailed" classname="com.iiht.StockMarket.boundaryTestCases.BoundaryTests" time="0.055"/>
  <testcase name="testTurnoverLength" classname="com.iiht.StockMarket.boundaryTestCases.BoundaryTests" time="0.014"/>
  <testcase name="testPostCompanyDetailsSuccess" classname="com.iiht.StockMarket.boundaryTestCases.BoundaryTests" time="0.011"/>
  <testcase name="testCompanyCodeLength" classname="com.iiht.StockMarket.boundaryTestCases.BoundaryTests" time="0.017"/>
  <testcase name="testCompanyNameLength" classname="com.iiht.StockMarket.boundaryTestCases.BoundaryTests" time="0.011"/>
  <testcase name="testCurrentStockPriceLength" classname="com.iiht.StockMarket.boundaryTestCases.BoundaryTests" time="0.014"/>
  <testcase name="testPostStockPriceDetailsSuccess" classname="com.iiht.StockMarket.boundaryTestCases.BoundaryTests" time="0.021"/>
  <testcase name="testCompanyProfileLength" classname="com.iiht.StockMarket.boundaryTestCases.BoundaryTests" time="0.012"/>
  <testcase name="testStockPriceListLength" classname="com.iiht.StockMarket.boundaryTestCases.BoundaryTests" time="0.042"/>
  <testcase name="testStockPriceDateLength" classname="com.iiht.StockMarket.boundaryTestCases.BoundaryTests" time="0.014"/>
  <testcase name="testMinStockPriceLength" classname="com.iiht.StockMarket.boundaryTestCases.BoundaryTests" time="0.013"/>
  <testcase name="testMaxStockPriceLength" classname="com.iiht.StockMarket.boundaryTestCases.BoundaryTests" time="0.013"/>
  <testcase name="testStockPriceTimeLength" classname="com.iiht.StockMarket.boundaryTestCases.BoundaryTests" time="0.017"/>
  <testcase name="testStockExchangeLength" classname="com.iiht.StockMarket.boundaryTestCases.BoundaryTests" time="0.012"/>
  <testcase name="testPostCompanyDetailsFailed" classname="com.iiht.StockMarket.boundaryTestCases.BoundaryTests" time="0.011"/>
  <testcase name="testCompanyCEOLength" classname="com.iiht.StockMarket.boundaryTestCases.BoundaryTests" time="0.012"/>
</testsuite>